[debug] [2022-11-18T15:46:16.382Z] ----------------------------------------------------------------------
[debug] [2022-11-18T15:46:16.385Z] Command:       C:\Program Files\nodejs\node.exe C:\Users\Librería Luna\AppData\Roaming\npm\node_modules\firebase-tools\lib\bin\firebase.js init
[debug] [2022-11-18T15:46:16.386Z] CLI Version:   11.16.0
[debug] [2022-11-18T15:46:16.387Z] Platform:      win32
[debug] [2022-11-18T15:46:16.387Z] Node Version:  v16.13.2
[debug] [2022-11-18T15:46:16.388Z] Time:          Fri Nov 18 2022 12:46:16 GMT-0300 (hora estándar de Argentina)
[debug] [2022-11-18T15:46:16.389Z] ----------------------------------------------------------------------
[debug] 
[debug] [2022-11-18T15:46:16.394Z] >>> [apiv2][query] GET https://firebase-public.firebaseio.com/cli.json [none]
[debug] [2022-11-18T15:46:16.545Z] > command requires scopes: ["email","openid","https://www.googleapis.com/auth/cloudplatformprojects.readonly","https://www.googleapis.com/auth/firebase","https://www.googleapis.com/auth/cloud-platform"]
[debug] [2022-11-18T15:46:16.546Z] > authorizing via signed-in user (motobortiz@gmail.com)
[info] 
     ######## #### ########  ######## ########     ###     ######  ########
     ##        ##  ##     ## ##       ##     ##  ##   ##  ##       ##
     ######    ##  ########  ######   ########  #########  ######  ######
     ##        ##  ##    ##  ##       ##     ## ##     ##       ## ##
     ##       #### ##     ## ######## ########  ##     ##  ######  ########

You're about to initialize a Firebase project in this directory:

  C:\Users\Librería Luna\Desktop\Moto\Argentina programa\noviembre\PortfolioBrianOrtiz\PortfolioBrianOrtiz\FrontEnd

Before we get started, keep in mind:

  * You are initializing within an existing Firebase project directory

[debug] [2022-11-18T15:46:17.020Z] <<< [apiv2][status] GET https://firebase-public.firebaseio.com/cli.json 200
[debug] [2022-11-18T15:46:17.020Z] <<< [apiv2][body] GET https://firebase-public.firebaseio.com/cli.json {"cloudBuildErrorAfter":1594252800000,"cloudBuildWarnAfter":1590019200000,"defaultNode10After":1594252800000,"minVersion":"3.0.5","node8DeploysDisabledAfter":1613390400000,"node8RuntimeDisabledAfter":1615809600000,"node8WarnAfter":1600128000000}
[info] 
=== Project Setup
[info] 
[info] First, let's associate this project directory with a Firebase project.
[info] You can create multiple project aliases by running firebase use --add, 
[info] but for now we'll just set up a default project.
[info] 
[debug] [2022-11-18T15:46:24.326Z] Using project from CLI flag: proyecto-final-argprog
[debug] [2022-11-18T15:46:24.327Z] > refreshing access token with scopes: []
[debug] [2022-11-18T15:46:24.329Z] >>> [apiv2][query] POST https://www.googleapis.com/oauth2/v3/token [none]
[debug] [2022-11-18T15:46:24.329Z] >>> [apiv2][body] POST https://www.googleapis.com/oauth2/v3/token [omitted]
[debug] [2022-11-18T15:46:24.591Z] <<< [apiv2][status] POST https://www.googleapis.com/oauth2/v3/token 200
[debug] [2022-11-18T15:46:24.592Z] <<< [apiv2][body] POST https://www.googleapis.com/oauth2/v3/token [omitted]
[debug] [2022-11-18T15:46:24.679Z] >>> [apiv2][query] GET https://firebase.googleapis.com/v1beta1/projects/proyecto-final-argprog [none]
[debug] [2022-11-18T15:46:25.124Z] <<< [apiv2][status] GET https://firebase.googleapis.com/v1beta1/projects/proyecto-final-argprog 200
[debug] [2022-11-18T15:46:25.124Z] <<< [apiv2][body] GET https://firebase.googleapis.com/v1beta1/projects/proyecto-final-argprog {"projectId":"proyecto-final-argprog","projectNumber":"327201031322","displayName":"Proyecto final ArgProg","name":"projects/proyecto-final-argprog","resources":{"hostingSite":"proyecto-final-argprog"},"state":"ACTIVE","etag":"1_0711193f-e2bc-4bd5-a3fe-ad8659c37f61"}
[info] i  Using project proyecto-final-argprog (Proyecto final ArgProg) 
[info] 
=== Hosting Setup
[info] 
[info] Your public directory is the folder (relative to your project directory) that
[info] will contain Hosting assets to be uploaded with firebase deploy. If you
[info] have a build process for your assets, use your build's output directory.
[info] 
